[2022-08-22 22:18:51]  INFO Set URL for parser
[2022-08-22 22:18:51]  INFO Find and visit all links
[2022-08-22 22:18:52]  INFO Formatting text
[2022-08-22 22:18:52]  INFO Checking result
[2022-08-22 22:18:52]  INFO Result out
[2022-08-22 22:19:13]  INFO Set URL for parser
[2022-08-22 22:19:13]  INFO Find and visit all links
[2022-08-22 22:19:14]  INFO Formatting text
[2022-08-22 22:19:14]  INFO Checking result
[2022-08-22 22:19:14]  INFO Result out
[2022-08-22 22:19:40]  INFO Set URL for parser
[2022-08-22 22:19:40]  INFO Find and visit all links
[2022-08-22 22:19:41]  INFO Formatting text
[2022-08-22 22:19:41]  INFO Checking result
[2022-08-22 22:19:41]  INFO Result out
[2022-08-22 22:23:45]  INFO Set URL for parser
[2022-08-22 22:23:45]  INFO Find and visit all links
[2022-08-22 22:23:45]  INFO Formatting text
[2022-08-22 22:23:45]  INFO Checking result
[2022-08-22 22:23:45]  INFO Result out
